生成启动时间为 2017/12/9 10:31:46。
     1>项目“F:\C++space\第三章_启程windows编程基础\第三章_启程windows编程基础\第三章_启程windows编程基础.vcxproj”在节点 2 上(Build 个目标)。
     1>ClCompile:
         H:\新建文件夹\VC\bin\CL.exe /c /Zi /nologo /W3 /WX- /sdl /O2 /Oi /Oy- /GL /D WIN32 /D NDEBUG /D _WINDOWS /D _UNICODE /D UNICODE /Gm- /EHsc /MD /GS /Gy /fp:precise /Zc:wchar_t /Zc:forScope /Fo"Release\\" /Fd"Release\vc120.pdb" /Gd /TP /analyze- /errorReport:prompt "3.7窗口类的设计.cpp" 3.8GetMessage.cpp 3.8PeekMessage.cpp Firstblood.cpp GameCore.cpp
         3.7窗口类的设计.cpp
         3.8GetMessage.cpp
         3.8PeekMessage.cpp
         Firstblood.cpp
         GameCore.cpp
     1>GameCore.cpp(2): warning C4067: 预处理器指令后有意外标记 - 应输入换行符
       Link:
         H:\新建文件夹\VC\bin\link.exe /ERRORREPORT:PROMPT /OUT:"F:\C++space\第三章_启程windows编程基础\Release\第三章_启程windows编程基础.exe" /INCREMENTAL:NO /NOLOGO kernel32.lib user32.lib gdi32.lib winspool.lib comdlg32.lib advapi32.lib shell32.lib ole32.lib oleaut32.lib uuid.lib odbc32.lib odbccp32.lib /MANIFEST /MANIFESTUAC:"level='asInvoker' uiAccess='false'" /manifest:embed /DEBUG /PDB:"F:\C++space\第三章_启程windows编程基础\Release\第三章_启程windows编程基础.pdb" /SUBSYSTEM:WINDOWS /OPT:REF /OPT:ICF /LTCG /TLBID:1 /DYNAMICBASE /NXCOMPAT /IMPLIB:"F:\C++space\第三章_启程windows编程基础\Release\第三章_启程windows编程基础.lib" /MACHINE:X86 /SAFESEH "Release\3.7窗口类的设计.obj"
         Release\3.8GetMessage.obj
         Release\3.8PeekMessage.obj
         Release\Firstblood.obj
         Release\GameCore.obj
         正在生成代码
         已完成代码的生成
         第三章_启程windows编程基础.vcxproj -> F:\C++space\第三章_启程windows编程基础\Release\第三章_启程windows编程基础.exe
     1>已完成生成项目“F:\C++space\第三章_启程windows编程基础\第三章_启程windows编程基础\第三章_启程windows编程基础.vcxproj”(Build 个目标)的操作。

生成成功。

已用时间 00:00:02.06
