生成启动时间为 2017/9/26 16:03:28。
     1>项目“F:\C++space\算法竞赛第二章\算法竞赛第二章\算法竞赛第二章.vcxproj”在节点 2 上(Build 个目标)。
     1>ClCompile:
         H:\新建文件夹\VC\bin\CL.exe /c /ZI /nologo /W3 /WX- /sdl /Od /Oy- /D WIN32 /D _DEBUG /D _CONSOLE /D _LIB /D _UNICODE /D UNICODE /Gm /EHsc /RTC1 /MDd /GS /fp:precise /Zc:wchar_t /Zc:forScope /Fo"Debug\\" /Fd"Debug\vc120.pdb" /Gd /TP /analyze- /errorReport:prompt Test01.cpp
         Test01.cpp
     1>f:\c++space\算法竞赛第二章\算法竞赛第二章\test01.cpp(11): warning C4244: “=”: 从“double”转换到“int”，可能丢失数据
     1>f:\c++space\算法竞赛第二章\算法竞赛第二章\test01.cpp(12): warning C4244: “=”: 从“double”转换到“int”，可能丢失数据
       Link:
         H:\新建文件夹\VC\bin\link.exe /ERRORREPORT:PROMPT /OUT:"F:\C++space\算法竞赛第二章\Debug\算法竞赛第二章.exe" /INCREMENTAL /NOLOGO kernel32.lib user32.lib gdi32.lib winspool.lib comdlg32.lib advapi32.lib shell32.lib ole32.lib oleaut32.lib uuid.lib odbc32.lib odbccp32.lib /MANIFEST /MANIFESTUAC:"level='asInvoker' uiAccess='false'" /manifest:embed /DEBUG /PDB:"F:\C++space\算法竞赛第二章\Debug\算法竞赛第二章.pdb" /SUBSYSTEM:CONSOLE /TLBID:1 /DYNAMICBASE /NXCOMPAT /IMPLIB:"F:\C++space\算法竞赛第二章\Debug\算法竞赛第二章.lib" /MACHINE:X86 "Debug\2.4阶乘之和_动态规划方法.obj"
         "Debug\2.5数据统计.obj"
         Debug\Test.obj
         Debug\Test01.obj
         Debug\tEST2.obj
         "Debug\倒三角形.obj"
         "Debug\水仙花数.obj"
         "Debug\韩信点兵.obj"
         算法竞赛第二章.vcxproj -> F:\C++space\算法竞赛第二章\Debug\算法竞赛第二章.exe
     1>已完成生成项目“F:\C++space\算法竞赛第二章\算法竞赛第二章\算法竞赛第二章.vcxproj”(Build 个目标)的操作。

生成成功。

已用时间 00:00:00.87
