生成启动时间为 2018/1/28 21:12:36。
     1>项目“F:\WorkSpace\引擎\B3D\B3D\B3D.vcxproj”在节点 2 上(Build 个目标)。
     1>ClCompile:
         H:\新建文件夹\VC\bin\CL.exe /c /ZI /nologo /W3 /WX- /sdl /Od /Oy- /D _MBCS /Gm /EHsc /RTC1 /MDd /GS /fp:precise /Zc:wchar_t /Zc:forScope /Fo"Debug\\" /Fd"Debug\vc120.pdb" /Gd /TP /analyze- /errorReport:prompt Color.cpp Light.cpp Matrix.cpp Vector.cpp
         Vector.cpp
     1>f:\workspace\引擎\b3d\b3d\b3dclass.h(84): warning C4244: “初始化”: 从“double”转换到“float”，可能丢失数据
         Matrix.cpp
     1>f:\workspace\引擎\b3d\b3d\b3dclass.h(84): warning C4244: “初始化”: 从“double”转换到“float”，可能丢失数据
         Color.cpp
     1>f:\workspace\引擎\b3d\b3d\b3dclass.h(84): warning C4244: “初始化”: 从“double”转换到“float”，可能丢失数据
         正在生成代码...
         正在编译...
         Light.cpp
     1>f:\workspace\引擎\b3d\b3d\b3dclass.h(84): warning C4244: “初始化”: 从“double”转换到“float”，可能丢失数据
         正在生成代码...
       Lib:
         H:\新建文件夹\VC\bin\Lib.exe /OUT:"F:\WorkSpace\引擎\B3D\Debug\B3D.lib" /NOLOGO Debug\Color.obj
         Debug\Light.obj
         Debug\Matrix.obj
         Debug\Vector.obj
     1>Matrix.obj : warning LNK4006: "int B3D::WINDOWS_WIDTH" (?WINDOWS_WIDTH@B3D@@3HA) 已在 Vector.obj 中定义；已忽略第二个定义
     1>Matrix.obj : warning LNK4006: "int B3D::WINDOWS_HEIGHT" (?WINDOWS_HEIGHT@B3D@@3HA) 已在 Vector.obj 中定义；已忽略第二个定义
     1>Light.obj : warning LNK4006: "int B3D::WINDOWS_WIDTH" (?WINDOWS_WIDTH@B3D@@3HA) 已在 Vector.obj 中定义；已忽略第二个定义
     1>Light.obj : warning LNK4006: "int B3D::WINDOWS_HEIGHT" (?WINDOWS_HEIGHT@B3D@@3HA) 已在 Vector.obj 中定义；已忽略第二个定义
     1>Light.obj : warning LNK4006: "public: static class B3D::Vector2 const B3D::Vector2::Up" (?Up@Vector2@B3D@@2V12@B) 已在 Vector.obj 中定义；已忽略第二个定义
     1>Light.obj : warning LNK4006: "public: static class B3D::Vector2 const B3D::Vector2::Down" (?Down@Vector2@B3D@@2V12@B) 已在 Vector.obj 中定义；已忽略第二个定义
     1>Light.obj : warning LNK4006: "public: static class B3D::Vector2 const B3D::Vector2::Right" (?Right@Vector2@B3D@@2V12@B) 已在 Vector.obj 中定义；已忽略第二个定义
     1>Light.obj : warning LNK4006: "public: static class B3D::Vector2 const B3D::Vector2::Left" (?Left@Vector2@B3D@@2V12@B) 已在 Vector.obj 中定义；已忽略第二个定义
     1>Color.obj : warning LNK4006: "int B3D::WINDOWS_WIDTH" (?WINDOWS_WIDTH@B3D@@3HA) 已在 Vector.obj 中定义；已忽略第二个定义
     1>Color.obj : warning LNK4006: "int B3D::WINDOWS_HEIGHT" (?WINDOWS_HEIGHT@B3D@@3HA) 已在 Vector.obj 中定义；已忽略第二个定义
         B3D.vcxproj -> F:\WorkSpace\引擎\B3D\Debug\B3D.lib
     1>已完成生成项目“F:\WorkSpace\引擎\B3D\B3D\B3D.vcxproj”(Build 个目标)的操作。

生成成功。

已用时间 00:00:02.62
