生成启动时间为 2017/12/23 22:10:57。
     1>项目“F:\C++space\C++Primer第三章\C++Primer第三章\C++Primer第三章.vcxproj”在节点 2 上(Build 个目标)。
     1>ClCompile:
         H:\新建文件夹\VC\bin\CL.exe /c /Zi /nologo /W3 /WX- /sdl /O2 /Oi /Oy- /GL /D WIN32 /D NDEBUG /D _CONSOLE /D _LIB /D _UNICODE /D UNICODE /Gm- /EHsc /MD /GS /Gy /fp:precise /Zc:wchar_t /Zc:forScope /Fo"Release\\" /Fd"Release\vc120.pdb" /Gd /TP /analyze- /errorReport:prompt "习题3.31.cpp" "习题3.32.cpp"
         习题3.31.cpp
         习题3.32.cpp
       Link:
         H:\新建文件夹\VC\bin\link.exe /ERRORREPORT:PROMPT /OUT:"F:\C++space\C++Primer第三章\Release\C++Primer第三章.exe" /INCREMENTAL:NO /NOLOGO kernel32.lib user32.lib gdi32.lib winspool.lib comdlg32.lib advapi32.lib shell32.lib ole32.lib oleaut32.lib uuid.lib odbc32.lib odbccp32.lib /MANIFEST /MANIFESTUAC:"level='asInvoker' uiAccess='false'" /manifest:embed /DEBUG /PDB:"F:\C++space\C++Primer第三章\Release\C++Primer第三章.pdb" /SUBSYSTEM:CONSOLE /OPT:REF /OPT:ICF /LTCG /TLBID:1 /DYNAMICBASE /NXCOMPAT /IMPLIB:"F:\C++space\C++Primer第三章\Release\C++Primer第三章.lib" /MACHINE:X86 /SAFESEH "Release\习题3.10.obj"
         "Release\习题3.17.obj"
         "Release\习题3.19.obj"
         "Release\习题3.20.obj"
         "Release\习题3.23.obj"
         "Release\习题3.31.obj"
         "Release\习题3.32.obj"
         "Release\习题3.4.obj"
         "Release\习题3.5.obj"
         "Release\习题3.6.obj"
         "Release\习题3.14.obj"
         "Release\习题3.15.obj"
         正在生成代码
         已完成代码的生成
         C++Primer第三章.vcxproj -> F:\C++space\C++Primer第三章\Release\C++Primer第三章.exe
     1>已完成生成项目“F:\C++space\C++Primer第三章\C++Primer第三章\C++Primer第三章.vcxproj”(Build 个目标)的操作。

生成成功。

已用时间 00:00:01.51
