{"logtime":"2016-06-02 00:00:01",packet stat begin playertype(ClientPlayer) playerid(8238)
columns is packetname receivecount receivesize sendcount sendsize
CG_LOGIN_PAK    1       98      0       0
GC_LOGIN_RET_PAK        0       0       1       29
packet stat end playertype(ClientPlayer) playerid(8238)}
{"logtime":"2016-06-02 00:00:03",packet stat begin playertype(ClientPlayer) playerid(8230)
columns is packetname receivecount receivesize sendcount sendsize
CG_LOGIN_PAK    1       99      0       0
GC_LOGIN_RET_PAK        0       0       1       28
XX_REQUEST_HEARTBEAT_PAK        0       0       2       24
XX_RESPONSE_HEARTBEAT_PAK       2       12      0       0
packet stat end playertype(ClientPlayer) playerid(8230)}
{"logtime":"2016-06-02 00:00:03",packet stat begin playertype(ClientPlayer) playerid(8228)
columns is packetname receivecount receivesize sendcount sendsize
CG_LOGIN_PAK    1       102     0       0
GC_LOGIN_RET_PAK        0       0       1       30
XX_REQUEST_HEARTBEAT_PAK        0       0       2       24
XX_RESPONSE_HEARTBEAT_PAK       2       12      0       0
packet stat end playertype(ClientPlayer) playerid(8228)}
{"logtime":"2016-06-02 00:00:08",packet stat begin playertype(ClientPlayer) playerid(8255)
columns is packetname receivecount receivesize sendcount sendsize
CG_LOGIN_PAK    1       98      0       0
GC_LOGIN_RET_PAK        0       0       1       29
XX_REQUEST_HEARTBEAT_PAK        0       0       1       12
XX_RESPONSE_HEARTBEAT_PAK       1       6       0       0
packet stat end playertype(ClientPlayer) playerid(8255)}
{"logtime":"2016-06-02 00:00:08",packet stat begin playertype(ClientPlayer) playerid(8206)
columns is packetname receivecount receivesize sendcount sendsize
CG_LOGIN_PAK    1       99      0       0
GC_LOGIN_RET_PAK        0       0       1       30
XX_REQUEST_HEARTBEAT_PAK        0       0       22      264
XX_RESPONSE_HEARTBEAT_PAK       22      132     0       0
packet stat end playertype(ClientPlayer) playerid(8206)}