生成启动时间为 2018/1/20 18:19:10。
     1>项目“F:\win32Space\OpenGL\Vanilla-ObjDecode\Vanilla\Vanilla.vcxproj”在节点 2 上(Build 个目标)。
     1>ClCompile:
         H:\新建文件夹\VC\bin\CL.exe /c /ZI /nologo /W3 /WX- /sdl /Od /Oy- /D WIN32 /D _DEBUG /D _WINDOWS /D _UNICODE /D UNICODE /Gm /EHsc /RTC1 /MDd /GS /fp:precise /Zc:wchar_t /Zc:forScope /Fo"Debug\\" /Fd"Debug\vc120.pdb" /Gd /TP /analyze- /errorReport:prompt /D _CRT_SECURE_NO_WARNINGS main.cpp texture.cpp
         texture.cpp
         正在生成代码...
         正在编译...
         main.cpp
         正在生成代码...
       Link:
         H:\新建文件夹\VC\bin\link.exe /ERRORREPORT:PROMPT /OUT:"F:\win32Space\OpenGL\Vanilla-ObjDecode\Debug\Vanilla.exe" /INCREMENTAL /NOLOGO kernel32.lib user32.lib gdi32.lib winspool.lib comdlg32.lib advapi32.lib shell32.lib ole32.lib oleaut32.lib uuid.lib odbc32.lib odbccp32.lib /MANIFEST /MANIFESTUAC:"level='asInvoker' uiAccess='false'" /manifest:embed /DEBUG /PDB:"F:\win32Space\OpenGL\Vanilla-ObjDecode\Debug\Vanilla.pdb" /SUBSYSTEM:WINDOWS /TLBID:1 /DYNAMICBASE /NXCOMPAT /IMPLIB:"F:\win32Space\OpenGL\Vanilla-ObjDecode\Debug\Vanilla.lib" /MACHINE:X86 Debug\main.obj
         Debug\ObjModel.obj
         Debug\ObjModel.obj
         Debug\texture.obj
         Debug\utils.obj
         Debug\VertexData.obj
     1>Debug\ObjModel.obj : warning LNK4042: 对象被多次指定；已忽略多余的指定
     1>main.obj : error LNK2019: 无法解析的外部符号 "public: void __thiscall ObjModel::Init(char const *)" (?Init@ObjModel@@QAEXPBD@Z)，该符号在函数 "bool __cdecl Game_init(struct HWND__ * const &)" (?Game_init@@YA_NABQAUHWND__@@@Z) 中被引用
     1>main.obj : error LNK2019: 无法解析的外部符号 "public: void __thiscall ObjModel::Draw(void)" (?Draw@ObjModel@@QAEXXZ)，该符号在函数 "void __cdecl Game_Paint(struct HWND__ * const &)" (?Game_Paint@@YAXABQAUHWND__@@@Z) 中被引用
     1>F:\win32Space\OpenGL\Vanilla-ObjDecode\Debug\Vanilla.exe : fatal error LNK1120: 2 个无法解析的外部命令
     1>已完成生成项目“F:\win32Space\OpenGL\Vanilla-ObjDecode\Vanilla\Vanilla.vcxproj”(Build 个目标)的操作 - 失败。

生成失败。

已用时间 00:00:01.82
