生成启动时间为 2017/11/27 21:24:12。
     1>项目“F:\C++space\Day9\Day999\Day999.vcxproj”在节点 2 上(Build 个目标)。
     1>ClCompile:
         H:\新建文件夹\VC\bin\CL.exe /c /ZI /nologo /W3 /WX- /sdl /Od /Oy- /D WIN32 /D _DEBUG /D _CONSOLE /D _LIB /D _CRT_SECURE_NO_WARNINGS /D _UNICODE /D UNICODE /Gm /EHsc /RTC1 /MDd /GS /fp:precise /Zc:wchar_t /Zc:forScope /Fo"Debug\\" /Fd"Debug\vc120.pdb" /Gd /TP /analyze- /errorReport:prompt cinTest.cpp
         cinTest.cpp
       Link:
         H:\新建文件夹\VC\bin\link.exe /ERRORREPORT:PROMPT /OUT:"F:\C++space\Day9\Debug\Day999.exe" /INCREMENTAL /NOLOGO kernel32.lib user32.lib gdi32.lib winspool.lib comdlg32.lib advapi32.lib shell32.lib ole32.lib oleaut32.lib uuid.lib odbc32.lib odbccp32.lib /MANIFEST /MANIFESTUAC:"level='asInvoker' uiAccess='false'" /manifest:embed /DEBUG /PDB:"F:\C++space\Day9\Debug\Day999.pdb" /SUBSYSTEM:CONSOLE /TLBID:1 /DYNAMICBASE /NXCOMPAT /IMPLIB:"F:\C++space\Day9\Debug\Day999.lib" /MACHINE:X86 Debug\ArrayTest.obj
         Debug\ArrayTest2.obj
         Debug\cinTest.obj
         Debug\demo01.obj
         Debug\demo02.obj
         "Debug\DEMO07_复数类1.obj"
         Debug\demo09.obj
         Debug\demo10.obj
         Debug\demo11_Test.obj
         Debug\demo6.obj
         Debug\Complex.obj
         "Debug\demoo08_复数类2cpp.obj"
         Day999.vcxproj -> F:\C++space\Day9\Debug\Day999.exe
     1>已完成生成项目“F:\C++space\Day9\Day999\Day999.vcxproj”(Build 个目标)的操作。

生成成功。

已用时间 00:00:01.02
