f:\c++space\day9\day999\debug\vc120.pdb
f:\c++space\day9\day999\debug\vc120.idb
f:\c++space\day9\day999\debug\demo01.obj
f:\c++space\day9\day999\debug\demo02.obj
f:\c++space\day9\day999\debug\demo6.obj
f:\c++space\day9\day999\debug\demo07_复数类1.obj
f:\c++space\day9\day999\debug\demoo08_复数类2cpp.obj
f:\c++space\day9\day999\debug\demo09.obj
f:\c++space\day9\day999\debug\complex.obj
f:\c++space\day9\day999\debug\demo10.obj
f:\c++space\day9\day999\debug\demo11_test.obj
f:\c++space\day9\debug\day999.ilk
f:\c++space\day9\debug\day999.exe
f:\c++space\day9\debug\day999.pdb
f:\c++space\day9\day999\debug\day999.tlog\cl.command.1.tlog
f:\c++space\day9\day999\debug\day999.tlog\cl.read.1.tlog
f:\c++space\day9\day999\debug\day999.tlog\cl.write.1.tlog
f:\c++space\day9\day999\debug\day999.tlog\link.command.1.tlog
f:\c++space\day9\day999\debug\day999.tlog\link.read.1.tlog
f:\c++space\day9\day999\debug\day999.tlog\link.write.1.tlog
