18:26:30 **** Incremental Build of configuration Debug for project LinkedList ****
Info: Internal Builder is used for build
cl /c /EHs /MD /Zi /nologo "/Fosrc\\LinkList.obj" "..\\src\\LinkList.cpp" 
LinkList.cpp
..\src\LinkList.cpp(1) : warning C4067: 预处理器指令后有意外标记 - 应输入换行符
..\src\LinkList.cpp(8) : error C2758: “Node::next”: 必须在构造函数基/成员初始值设定项列表中初始化
        ..\src\LinkList.cpp(7) : 参见“Node::next”的声明
..\src\LinkList.cpp(20) : error C2758: “LinkList::top”: 必须在构造函数基/成员初始值设定项列表中初始化
        ..\src\LinkList.cpp(137) : 参见“LinkList::top”的声明
..\src\LinkList.cpp(22) : error C2664: “Node::Node(int,Node &)”: 不能将参数 2 从“int”转换为“Node &”
..\src\LinkList.cpp(27) : error C2678: 二进制“!=”: 没有找到接受“Node”类型的左操作数的运算符(或没有可接受的转换)
        C:\Program Files (x86)\Microsoft Visual Studio 11.0\VC\Include\exception(522): 可能是“bool std::operator !=(const std::exception_ptr &,const std::exception_ptr &)”
        C:\Program Files (x86)\Microsoft Visual Studio 11.0\VC\Include\exception(527): 或       “bool std::operator !=(std::nullptr_t,const std::exception_ptr &)”
        C:\Program Files (x86)\Microsoft Visual Studio 11.0\VC\Include\exception(532): 或       “bool std::operator !=(const std::exception_ptr &,std::nullptr_t)”
        C:\Program Files (x86)\Microsoft Visual Studio 11.0\VC\Include\system_error(443): 或       “bool std::operator !=(const std::error_code &,const std::error_condition &) throw()”
        C:\Program Files (x86)\Microsoft Visual Studio 11.0\VC\Include\system_error(450): 或       “bool std::operator !=(const std::error_condition &,const std::error_code &) throw()”
        尝试匹配参数列表“(Node, int)”时
..\src\LinkList.cpp(29) : error C2678: 二进制“!=”: 没有找到接受“Node”类型的左操作数的运算符(或没有可接受的转换)
        C:\Program Files (x86)\Microsoft Visual Studio 11.0\VC\Include\exception(522): 可能是“bool std::operator !=(const std::exception_ptr &,const std::exception_ptr &)”
        C:\Program Files (x86)\Microsoft Visual Studio 11.0\VC\Include\exception(527): 或       “bool std::operator !=(std::nullptr_t,const std::exception_ptr &)”
        C:\Program Files (x86)\Microsoft Visual Studio 11.0\VC\Include\exception(532): 或       “bool std::operator !=(const std::exception_ptr &,std::nullptr_t)”
        C:\Program Files (x86)\Microsoft Visual Studio 11.0\VC\Include\system_error(443): 或       “bool std::operator !=(const std::error_code &,const std::error_condition &) throw()”
        C:\Program Files (x86)\Microsoft Visual Studio 11.0\VC\Include\system_error(450): 或       “bool std::operator !=(const std::error_condition &,const std::error_code &) throw()”
        尝试匹配参数列表“(Node, int)”时
..\src\LinkList.cpp(29) : fatal error C1903: 无法从以前的错误中恢复；正在停止编译

18:26:31 Build Finished (took 384ms)

