Base path: H:/Unity 5.1.1/Unity/Editor/Data
Pipe name: \\.\pipe\UnityShaderCompiler-64bit-1-7516
Cmd: getPlatforms
Cmd: preprocess
  insize=1223 outsize=1672 ok=1
Cmd: compileSnippet
  api=4 type=0 insize=7657 outsize=3784 kw=DIRECTIONAL SHADOWS_OFF LIGHTMAP_OFF DIRLIGHTMAP_OFF DYNAMICLIGHTMAP_OFF ok=1
Cmd: compileSnippet
  api=4 type=1 insize=7657 outsize=2249 kw=DIRECTIONAL SHADOWS_OFF LIGHTMAP_OFF DIRLIGHTMAP_OFF DYNAMICLIGHTMAP_OFF ok=1
Cmd: compileSnippet
  api=4 type=0 insize=4443 outsize=2874 kw=POINT ok=1
Cmd: compileSnippet
  api=4 type=1 insize=4443 outsize=2883 kw=POINT ok=1
Cmd: compileSnippet
  api=4 type=0 insize=3769 outsize=2874 kw= ok=1
Cmd: compileSnippet
  api=4 type=1 insize=3769 outsize=794 kw= ok=1
Cmd: compileSnippet
  api=4 type=0 insize=6792 outsize=4199 kw=LIGHTMAP_OFF DIRLIGHTMAP_OFF DYNAMICLIGHTMAP_OFF HDR_LIGHT_PREPASS_OFF ok=1
Cmd: compileSnippet
  api=4 type=1 insize=6792 outsize=2298 kw=LIGHTMAP_OFF DIRLIGHTMAP_OFF DYNAMICLIGHTMAP_OFF HDR_LIGHT_PREPASS_OFF ok=1
Cmd: compileSnippet
  api=4 type=0 insize=6724 outsize=3923 kw=LIGHTMAP_OFF DIRLIGHTMAP_OFF DYNAMICLIGHTMAP_OFF HDR_LIGHT_PREPASS_OFF ok=1
Cmd: compileSnippet
  api=4 type=1 insize=6724 outsize=2582 kw=LIGHTMAP_OFF DIRLIGHTMAP_OFF DYNAMICLIGHTMAP_OFF HDR_LIGHT_PREPASS_OFF ok=1
Cmd: compileSnippet
  api=4 type=0 insize=3792 outsize=2631 kw= ok=1
Cmd: compileSnippet
  api=4 type=1 insize=3792 outsize=2249 kw= ok=1
Cmd: preprocess
  insize=2652 outsize=1687 ok=1
Cmd: compileSnippet
  api=4 type=0 insize=9294 outsize=5393 kw=DIRECTIONAL SHADOWS_OFF LIGHTMAP_OFF DIRLIGHTMAP_OFF DYNAMICLIGHTMAP_OFF ok=1
Cmd: compileSnippet
  api=4 type=1 insize=9294 outsize=3874 kw=DIRECTIONAL SHADOWS_OFF LIGHTMAP_OFF DIRLIGHTMAP_OFF DYNAMICLIGHTMAP_OFF ok=1
Cmd: compileSnippet
  api=4 type=0 insize=6692 outsize=4475 kw=POINT ok=1
Cmd: compileSnippet
  api=4 type=1 insize=6692 outsize=4556 kw=POINT ok=1
Cmd: compileSnippet
  api=4 type=0 insize=6034 outsize=4524 kw= ok=1
Cmd: compileSnippet
  api=4 type=1 insize=6034 outsize=2826 kw= ok=1
Cmd: compileSnippet
  api=4 type=0 insize=8402 outsize=4215 kw=LIGHTMAP_OFF DIRLIGHTMAP_OFF DYNAMICLIGHTMAP_OFF HDR_LIGHT_PREPASS_OFF ok=1
Cmd: compileSnippet
  api=4 type=1 insize=8402 outsize=2582 kw=LIGHTMAP_OFF DIRLIGHTMAP_OFF DYNAMICLIGHTMAP_OFF HDR_LIGHT_PREPASS_OFF ok=1
Cmd: compileSnippet
  api=4 type=0 insize=9114 outsize=5531 kw=LIGHTMAP_OFF DIRLIGHTMAP_OFF DYNAMICLIGHTMAP_OFF HDR_LIGHT_PREPASS_OFF ok=1
Cmd: compileSnippet
  api=4 type=1 insize=9114 outsize=4207 kw=LIGHTMAP_OFF DIRLIGHTMAP_OFF DYNAMICLIGHTMAP_OFF HDR_LIGHT_PREPASS_OFF ok=1
Cmd: compileSnippet
  api=4 type=0 insize=6019 outsize=5206 kw= ok=1
Cmd: compileSnippet
  api=4 type=1 insize=6019 outsize=2631 kw= ok=1
Cmd: compileSnippet
  api=4 type=0 insize=6850 outsize=4061 kw=DIRECTIONAL LIGHTMAP_OFF DIRLIGHTMAP_OFF DYNAMICLIGHTMAP_OFF ok=1
Cmd: compileSnippet
  api=4 type=1 insize=6850 outsize=3338 kw=DIRECTIONAL LIGHTMAP_OFF DIRLIGHTMAP_OFF DYNAMICLIGHTMAP_OFF ok=1
Cmd: compileSnippet
  api=4 type=0 insize=5421 outsize=4012 kw=DIRECTIONAL ok=1
Cmd: compileSnippet
  api=4 type=1 insize=5421 outsize=3289 kw=DIRECTIONAL ok=1
Cmd: compileSnippet
  api=4 type=0 insize=7856 outsize=4166 kw=DIRECTIONAL LIGHTMAP_OFF DIRLIGHTMAP_OFF DYNAMICLIGHTMAP_OFF ok=1
Cmd: compileSnippet
  api=4 type=1 insize=7856 outsize=3646 kw=DIRECTIONAL LIGHTMAP_OFF DIRLIGHTMAP_OFF DYNAMICLIGHTMAP_OFF ok=1
Cmd: compileSnippet
  api=4 type=0 insize=6416 outsize=4118 kw=DIRECTIONAL ok=1
Cmd: compileSnippet
  api=4 type=1 insize=6416 outsize=3598 kw=DIRECTIONAL ok=1
Cmd: compileSnippet
  api=4 type=0 insize=1509 outsize=1591 kw= ok=1
Cmd: compileSnippet
  api=4 type=1 insize=1509 outsize=1493 kw= ok=1
Cmd: compileSnippet
  api=4 type=0 insize=1114 outsize=1290 kw= ok=1
Cmd: compileSnippet
  api=4 type=1 insize=1114 outsize=1111 kw= ok=1
Cmd: compileSnippet
  api=4 type=0 insize=541 outsize=3533 kw=SHADOWS_DEPTH ok=1
Cmd: compileSnippet
  api=4 type=1 insize=541 outsize=453 kw=SHADOWS_DEPTH ok=1
Cmd: compileSnippet
  api=4 type=0 insize=6692 outsize=4475 kw=DIRECTIONAL ok=1
Cmd: compileSnippet
  api=4 type=1 insize=6692 outsize=3776 kw=DIRECTIONAL ok=1
Cmd: compileSnippet
  api=4 type=0 insize=751 outsize=3533 kw=SHADOWS_DEPTH ok=1
Cmd: compileSnippet
  api=4 type=1 insize=751 outsize=380 kw=SHADOWS_DEPTH ok=1
Cmd: compileSnippet
  api=4 type=0 insize=982 outsize=3979 kw=DIRECTIONAL SHADOWS_OFF LIGHTMAP_OFF DIRLIGHTMAP_OFF DYNAMICLIGHTMAP_OFF ok=1
Cmd: compileSnippet
  api=4 type=1 insize=982 outsize=10561 kw=DIRECTIONAL SHADOWS_OFF LIGHTMAP_OFF DIRLIGHTMAP_OFF DYNAMICLIGHTMAP_OFF ok=1
Cmd: compileSnippet
  api=4 type=0 insize=938 outsize=4036 kw=DIRECTIONAL SHADOWS_OFF ok=1
Cmd: compileSnippet
  api=4 type=1 insize=938 outsize=5515 kw=DIRECTIONAL SHADOWS_OFF ok=1
Cmd: compileSnippet
  api=4 type=0 insize=1482 outsize=1290 kw=SOFTPARTICLES_OFF ok=1
Cmd: compileSnippet
  api=4 type=1 insize=1482 outsize=827 kw=SOFTPARTICLES_OFF ok=1
Cmd: compileSnippet
  api=4 type=0 insize=1051 outsize=1266 kw= ok=1
Cmd: compileSnippet
  api=4 type=1 insize=1051 outsize=965 kw= ok=1
Cmd: compileSnippet
  api=4 type=0 insize=1089 outsize=1314 kw= ok=1
Cmd: compileSnippet
  api=4 type=1 insize=1089 outsize=1006 kw= ok=1
